<?xml version="1.0" encoding="utf-8"?><testsuites><testsuite name="pytest" errors="0" failures="0" skipped="0" tests="10" time="0.170" timestamp="2026-07-05T22:35:39.949121" hostname="runnervmkkn4f"><testcase classname="tests.steps.test_scanner_steps" name="test_detectar_cabeceras_de_seguridad_faltantes" time="0.003" /><testcase classname="tests.steps.test_scanner_steps" name="test_no_reportar_falsos_positivos_cuando_las_cabeceras_estan_presentes" time="0.002" /><testcase classname="tests.steps.test_scanner_steps" name="test_detectar_cors_wildcard_permisivo" time="0.002" /><testcase classname="tests.steps.test_scanner_steps" name="test_retornar_lista_vacia_cuando_el_sitio_no_responde" time="0.002" /><testcase classname="tests.steps.test_scanner_steps" name="test_detectar_wordpress_en_el_cuerpo_de_la_respuesta" time="0.002" /><testcase classname="tests.steps.test_scanner_steps" name="test_retornar_estructura_vacia_cuando_el_sitio_no_responde_al_detectar_tecnologias" time="0.001" /><testcase classname="tests.steps.test_scanner_steps" name="test_construir_hallazgo_con_campos_correctos" time="0.001" /><testcase classname="tests.steps.test_scanner_steps" name="test_truncar_evidencia_larga_a_500_caracteres" time="0.001" /><testcase classname="tests.steps.test_scanner_steps" name="test_inyectar_payload_en_parametros_de_url_existentes" time="0.001" /><testcase classname="tests.steps.test_scanner_steps" name="test_agregar_parametros_cuando_la_url_no_tiene_ninguno" time="0.001" /></testsuite></testsuites>